{"/Users/steevenvargas/Downloads/PruebaTecnicaKushki_SV_CON_CAPTCHA/frontend/src/App.js": {"path":"/Users/steevenvargas/Downloads/PruebaTecnicaKushki_SV_CON_CAPTCHA/frontend/src/App.js","statementMap":{"0":{"start":{"line":22,"column":40},"end":{"line":22,"column":55}},"1":{"start":{"line":23,"column":34},"end":{"line":23,"column":48}},"2":{"start":{"line":25,"column":2},"end":{"line":27,"column":9}},"3":{"start":{"line":26,"column":4},"end":{"line":26,"column":29}},"4":{"start":{"line":29,"column":33},"end":{"line":47,"column":3}},"5":{"start":{"line":30,"column":18},"end":{"line":30,"column":47}},"6":{"start":{"line":32,"column":4},"end":{"line":35,"column":5}},"7":{"start":{"line":33,"column":6},"end":{"line":33,"column":25}},"8":{"start":{"line":34,"column":6},"end":{"line":34,"column":13}},"9":{"start":{"line":37,"column":4},"end":{"line":46,"column":5}},"10":{"start":{"line":38,"column":21},"end":{"line":38,"column":43}},"11":{"start":{"line":39,"column":6},"end":{"line":39,"column":29}},"12":{"start":{"line":41,"column":6},"end":{"line":41,"column":56}},"13":{"start":{"line":42,"column":6},"end":{"line":42,"column":39}},"14":{"start":{"line":43,"column":6},"end":{"line":43,"column":28}},"15":{"start":{"line":45,"column":6},"end":{"line":45,"column":25}},"16":{"start":{"line":49,"column":23},"end":{"line":51,"column":3}},"17":{"start":{"line":50,"column":4},"end":{"line":50,"column":25}},"18":{"start":{"line":53,"column":24},"end":{"line":56,"column":3}},"19":{"start":{"line":54,"column":4},"end":{"line":54,"column":37}},"20":{"start":{"line":55,"column":4},"end":{"line":55,"column":26}},"21":{"start":{"line":58,"column":2},"end":{"line":60,"column":3}},"22":{"start":{"line":59,"column":4},"end":{"line":59,"column":34}},"23":{"start":{"line":62,"column":2},"end":{"line":96,"column":4}}},"fnMap":{"0":{"name":"App","decl":{"start":{"line":21,"column":9},"end":{"line":21,"column":12}},"loc":{"start":{"line":21,"column":15},"end":{"line":97,"column":1}},"line":21},"1":{"name":"(anonymous_1)","decl":{"start":{"line":25,"column":12},"end":{"line":25,"column":13}},"loc":{"start":{"line":25,"column":18},"end":{"line":27,"column":3}},"line":25},"2":{"name":"(anonymous_2)","decl":{"start":{"line":29,"column":33},"end":{"line":29,"column":34}},"loc":{"start":{"line":29,"column":45},"end":{"line":47,"column":3}},"line":29},"3":{"name":"(anonymous_3)","decl":{"start":{"line":49,"column":23},"end":{"line":49,"column":24}},"loc":{"start":{"line":49,"column":29},"end":{"line":51,"column":3}},"line":49},"4":{"name":"(anonymous_4)","decl":{"start":{"line":53,"column":24},"end":{"line":53,"column":25}},"loc":{"start":{"line":53,"column":30},"end":{"line":56,"column":3}},"line":53}},"branchMap":{"0":{"loc":{"start":{"line":32,"column":4},"end":{"line":35,"column":5}},"type":"if","locations":[{"start":{"line":32,"column":4},"end":{"line":35,"column":5}},{"start":{},"end":{}}],"line":32},"1":{"loc":{"start":{"line":58,"column":2},"end":{"line":60,"column":3}},"type":"if","locations":[{"start":{"line":58,"column":2},"end":{"line":60,"column":3}},{"start":{},"end":{}}],"line":58},"2":{"loc":{"start":{"line":64,"column":7},"end":{"line":64,"column":63}},"type":"binary-expr","locations":[{"start":{"line":64,"column":7},"end":{"line":64,"column":18}},{"start":{"line":64,"column":22},"end":{"line":64,"column":63}}],"line":64},"3":{"loc":{"start":{"line":71,"column":14},"end":{"line":71,"column":100}},"type":"cond-expr","locations":[{"start":{"line":71,"column":28},"end":{"line":71,"column":57}},{"start":{"line":71,"column":60},"end":{"line":71,"column":100}}],"line":71},"4":{"loc":{"start":{"line":77,"column":14},"end":{"line":77,"column":72}},"type":"cond-expr","locations":[{"start":{"line":77,"column":28},"end":{"line":77,"column":57}},{"start":{"line":77,"column":60},"end":{"line":77,"column":72}}],"line":77},"5":{"loc":{"start":{"line":83,"column":14},"end":{"line":83,"column":69}},"type":"cond-expr","locations":[{"start":{"line":83,"column":28},"end":{"line":83,"column":42}},{"start":{"line":83,"column":45},"end":{"line":83,"column":69}}],"line":83},"6":{"loc":{"start":{"line":89,"column":14},"end":{"line":89,"column":68}},"type":"cond-expr","locations":[{"start":{"line":89,"column":28},"end":{"line":89,"column":41}},{"start":{"line":89,"column":44},"end":{"line":89,"column":68}}],"line":89},"7":{"loc":{"start":{"line":92,"column":49},"end":{"line":92,"column":87}},"type":"cond-expr","locations":[{"start":{"line":92,"column":63},"end":{"line":92,"column":76}},{"start":{"line":92,"column":79},"end":{"line":92,"column":87}}],"line":92}},"s":{"0":0,"1":0,"2":0,"3":0,"4":0,"5":0,"6":0,"7":0,"8":0,"9":0,"10":0,"11":0,"12":0,"13":0,"14":0,"15":0,"16":0,"17":0,"18":0,"19":0,"20":0,"21":0,"22":0,"23":0},"f":{"0":0,"1":0,"2":0,"3":0,"4":0},"b":{"0":[0,0],"1":[0,0],"2":[0,0],"3":[0,0],"4":[0,0],"5":[0,0],"6":[0,0],"7":[0,0]}}
,"/Users/steevenvargas/Downloads/PruebaTecnicaKushki_SV_CON_CAPTCHA/frontend/src/index.js": {"path":"/Users/steevenvargas/Downloads/PruebaTecnicaKushki_SV_CON_CAPTCHA/frontend/src/index.js","statementMap":{"0":{"start":{"line":15,"column":13},"end":{"line":15,"column":65}},"1":{"start":{"line":17,"column":0},"end":{"line":26,"column":2}}},"fnMap":{},"branchMap":{},"s":{"0":0,"1":0},"f":{},"b":{}}
,"/Users/steevenvargas/Downloads/PruebaTecnicaKushki_SV_CON_CAPTCHA/frontend/src/tema.js": {"path":"/Users/steevenvargas/Downloads/PruebaTecnicaKushki_SV_CON_CAPTCHA/frontend/src/tema.js","statementMap":{"0":{"start":{"line":9,"column":13},"end":{"line":55,"column":2}}},"fnMap":{},"branchMap":{},"s":{"0":0},"f":{},"b":{}}
,"/Users/steevenvargas/Downloads/PruebaTecnicaKushki_SV_CON_CAPTCHA/frontend/src/componentes/Analizador/Analizador.js": {"path":"/Users/steevenvargas/Downloads/PruebaTecnicaKushki_SV_CON_CAPTCHA/frontend/src/componentes/Analizador/Analizador.js","statementMap":{"0":{"start":{"line":25,"column":30},"end":{"line":25,"column":44}},"1":{"start":{"line":26,"column":40},"end":{"line":26,"column":58}},"2":{"start":{"line":27,"column":38},"end":{"line":27,"column":53}},"3":{"start":{"line":28,"column":36},"end":{"line":28,"column":50}},"4":{"start":{"line":29,"column":28},"end":{"line":29,"column":40}},"5":{"start":{"line":31,"column":33},"end":{"line":38,"column":3}},"6":{"start":{"line":32,"column":20},"end":{"line":32,"column":37}},"7":{"start":{"line":33,"column":4},"end":{"line":37,"column":5}},"8":{"start":{"line":34,"column":6},"end":{"line":34,"column":25}},"9":{"start":{"line":35,"column":6},"end":{"line":35,"column":25}},"10":{"start":{"line":36,"column":6},"end":{"line":36,"column":19}},"11":{"start":{"line":40,"column":26},"end":{"line":75,"column":3}},"12":{"start":{"line":41,"column":4},"end":{"line":44,"column":5}},"13":{"start":{"line":42,"column":6},"end":{"line":42,"column":50}},"14":{"start":{"line":43,"column":6},"end":{"line":43,"column":13}},"15":{"start":{"line":46,"column":4},"end":{"line":46,"column":24}},"16":{"start":{"line":47,"column":4},"end":{"line":47,"column":17}},"17":{"start":{"line":49,"column":4},"end":{"line":74,"column":5}},"18":{"start":{"line":50,"column":23},"end":{"line":50,"column":37}},"19":{"start":{"line":51,"column":6},"end":{"line":51,"column":40}},"20":{"start":{"line":52,"column":6},"end":{"line":52,"column":51}},"21":{"start":{"line":54,"column":20},"end":{"line":54,"column":49}},"22":{"start":{"line":55,"column":23},"end":{"line":61,"column":8}},"23":{"start":{"line":63,"column":19},"end":{"line":63,"column":40}},"24":{"start":{"line":65,"column":6},"end":{"line":69,"column":7}},"25":{"start":{"line":66,"column":8},"end":{"line":66,"column":33}},"26":{"start":{"line":68,"column":8},"end":{"line":68,"column":31}},"27":{"start":{"line":71,"column":6},"end":{"line":71,"column":46}},"28":{"start":{"line":73,"column":6},"end":{"line":73,"column":27}},"29":{"start":{"line":77,"column":2},"end":{"line":237,"column":4}},"30":{"start":{"line":102,"column":16},"end":{"line":102,"column":47}},"31":{"start":{"line":103,"column":16},"end":{"line":103,"column":35}},"32":{"start":{"line":182,"column":16},"end":{"line":204,"column":22}},"33":{"start":{"line":208,"column":16},"end":{"line":230,"column":22}}},"fnMap":{"0":{"name":"Analizador","decl":{"start":{"line":24,"column":9},"end":{"line":24,"column":19}},"loc":{"start":{"line":24,"column":22},"end":{"line":238,"column":1}},"line":24},"1":{"name":"(anonymous_1)","decl":{"start":{"line":31,"column":33},"end":{"line":31,"column":34}},"loc":{"start":{"line":31,"column":40},"end":{"line":38,"column":3}},"line":31},"2":{"name":"(anonymous_2)","decl":{"start":{"line":40,"column":26},"end":{"line":40,"column":27}},"loc":{"start":{"line":40,"column":38},"end":{"line":75,"column":3}},"line":40},"3":{"name":"(anonymous_3)","decl":{"start":{"line":101,"column":24},"end":{"line":101,"column":25}},"loc":{"start":{"line":101,"column":31},"end":{"line":104,"column":15}},"line":101},"4":{"name":"(anonymous_4)","decl":{"start":{"line":181,"column":49},"end":{"line":181,"column":50}},"loc":{"start":{"line":182,"column":16},"end":{"line":204,"column":22}},"line":182},"5":{"name":"(anonymous_5)","decl":{"start":{"line":207,"column":38},"end":{"line":207,"column":39}},"loc":{"start":{"line":208,"column":16},"end":{"line":230,"column":22}},"line":208}},"branchMap":{"0":{"loc":{"start":{"line":33,"column":4},"end":{"line":37,"column":5}},"type":"if","locations":[{"start":{"line":33,"column":4},"end":{"line":37,"column":5}},{"start":{},"end":{}}],"line":33},"1":{"loc":{"start":{"line":41,"column":4},"end":{"line":44,"column":5}},"type":"if","locations":[{"start":{"line":41,"column":4},"end":{"line":44,"column":5}},{"start":{},"end":{}}],"line":41},"2":{"loc":{"start":{"line":65,"column":6},"end":{"line":69,"column":7}},"type":"if","locations":[{"start":{"line":65,"column":6},"end":{"line":69,"column":7}},{"start":{"line":67,"column":13},"end":{"line":69,"column":7}}],"line":65},"3":{"loc":{"start":{"line":93,"column":9},"end":{"line":93,"column":72}},"type":"binary-expr","locations":[{"start":{"line":93,"column":9},"end":{"line":93,"column":14}},{"start":{"line":93,"column":18},"end":{"line":93,"column":72}}],"line":93},"4":{"loc":{"start":{"line":134,"column":11},"end":{"line":138,"column":11}},"type":"binary-expr","locations":[{"start":{"line":134,"column":11},"end":{"line":134,"column":17}},{"start":{"line":135,"column":12},"end":{"line":137,"column":25}}],"line":134},"5":{"loc":{"start":{"line":147,"column":20},"end":{"line":147,"column":41}},"type":"binary-expr","locations":[{"start":{"line":147,"column":20},"end":{"line":147,"column":27}},{"start":{"line":147,"column":31},"end":{"line":147,"column":41}}],"line":147},"6":{"loc":{"start":{"line":148,"column":21},"end":{"line":148,"column":102}},"type":"cond-expr","locations":[{"start":{"line":148,"column":34},"end":{"line":148,"column":90}},{"start":{"line":148,"column":93},"end":{"line":148,"column":102}}],"line":148},"7":{"loc":{"start":{"line":159,"column":11},"end":{"line":159,"column":59}},"type":"cond-expr","locations":[{"start":{"line":159,"column":24},"end":{"line":159,"column":39}},{"start":{"line":159,"column":42},"end":{"line":159,"column":59}}],"line":159},"8":{"loc":{"start":{"line":162,"column":9},"end":{"line":234,"column":9}},"type":"binary-expr","locations":[{"start":{"line":162,"column":9},"end":{"line":162,"column":18}},{"start":{"line":163,"column":10},"end":{"line":233,"column":16}}],"line":162},"9":{"loc":{"start":{"line":168,"column":13},"end":{"line":174,"column":13}},"type":"binary-expr","locations":[{"start":{"line":168,"column":13},"end":{"line":168,"column":37}},{"start":{"line":169,"column":14},"end":{"line":173,"column":22}}],"line":168},"10":{"loc":{"start":{"line":180,"column":13},"end":{"line":232,"column":13}},"type":"cond-expr","locations":[{"start":{"line":181,"column":14},"end":{"line":205,"column":16}},{"start":{"line":207,"column":14},"end":{"line":231,"column":16}}],"line":180},"11":{"loc":{"start":{"line":180,"column":13},"end":{"line":180,"column":88}},"type":"binary-expr","locations":[{"start":{"line":180,"column":13},"end":{"line":180,"column":43}},{"start":{"line":180,"column":47},"end":{"line":180,"column":88}}],"line":180},"12":{"loc":{"start":{"line":200,"column":41},"end":{"line":200,"column":128}},"type":"cond-expr","locations":[{"start":{"line":200,"column":68},"end":{"line":200,"column":77}},{"start":{"line":200,"column":80},"end":{"line":200,"column":128}}],"line":200},"13":{"loc":{"start":{"line":200,"column":80},"end":{"line":200,"column":128}},"type":"cond-expr","locations":[{"start":{"line":200,"column":107},"end":{"line":200,"column":116}},{"start":{"line":200,"column":119},"end":{"line":200,"column":128}}],"line":200},"14":{"loc":{"start":{"line":226,"column":41},"end":{"line":226,"column":144}},"type":"cond-expr","locations":[{"start":{"line":226,"column":76},"end":{"line":226,"column":85}},{"start":{"line":226,"column":88},"end":{"line":226,"column":144}}],"line":226},"15":{"loc":{"start":{"line":226,"column":88},"end":{"line":226,"column":144}},"type":"cond-expr","locations":[{"start":{"line":226,"column":123},"end":{"line":226,"column":132}},{"start":{"line":226,"column":135},"end":{"line":226,"column":144}}],"line":226}},"s":{"0":0,"1":0,"2":0,"3":0,"4":0,"5":0,"6":0,"7":0,"8":0,"9":0,"10":0,"11":0,"12":0,"13":0,"14":0,"15":0,"16":0,"17":0,"18":0,"19":0,"20":0,"21":0,"22":0,"23":0,"24":0,"25":0,"26":0,"27":0,"28":0,"29":0,"30":0,"31":0,"32":0,"33":0},"f":{"0":0,"1":0,"2":0,"3":0,"4":0,"5":0},"b":{"0":[0,0],"1":[0,0],"2":[0,0],"3":[0,0],"4":[0,0],"5":[0,0],"6":[0,0],"7":[0,0],"8":[0,0],"9":[0,0],"10":[0,0],"11":[0,0],"12":[0,0],"13":[0,0],"14":[0,0],"15":[0,0]}}
,"/Users/steevenvargas/Downloads/PruebaTecnicaKushki_SV_CON_CAPTCHA/frontend/src/componentes/Autenticacion/CaptchaMatematico.js": {"path":"/Users/steevenvargas/Downloads/PruebaTecnicaKushki_SV_CON_CAPTCHA/frontend/src/componentes/Autenticacion/CaptchaMatematico.js","statementMap":{"0":{"start":{"line":20,"column":32},"end":{"line":20,"column":46}},"1":{"start":{"line":21,"column":36},"end":{"line":21,"column":48}},"2":{"start":{"line":22,"column":34},"end":{"line":22,"column":48}},"3":{"start":{"line":23,"column":28},"end":{"line":23,"column":40}},"4":{"start":{"line":25,"column":2},"end":{"line":27,"column":9}},"5":{"start":{"line":26,"column":4},"end":{"line":26,"column":20}},"6":{"start":{"line":29,"column":24},"end":{"line":54,"column":3}},"7":{"start":{"line":30,"column":4},"end":{"line":30,"column":22}},"8":{"start":{"line":31,"column":4},"end":{"line":31,"column":17}},"9":{"start":{"line":32,"column":4},"end":{"line":32,"column":21}},"10":{"start":{"line":34,"column":4},"end":{"line":53,"column":5}},"11":{"start":{"line":35,"column":6},"end":{"line":35,"column":50}},"12":{"start":{"line":36,"column":23},"end":{"line":36,"column":57}},"13":{"start":{"line":38,"column":6},"end":{"line":38,"column":60}},"14":{"start":{"line":40,"column":6},"end":{"line":47,"column":7}},"15":{"start":{"line":41,"column":8},"end":{"line":41,"column":40}},"16":{"start":{"line":43,"column":8},"end":{"line":43,"column":74}},"17":{"start":{"line":44,"column":8},"end":{"line":44,"column":55}},"18":{"start":{"line":46,"column":8},"end":{"line":46,"column":44}},"19":{"start":{"line":49,"column":6},"end":{"line":49,"column":53}},"20":{"start":{"line":50,"column":6},"end":{"line":50,"column":36}},"21":{"start":{"line":52,"column":6},"end":{"line":52,"column":25}},"22":{"start":{"line":56,"column":33},"end":{"line":64,"column":3}},"23":{"start":{"line":57,"column":18},"end":{"line":57,"column":32}},"24":{"start":{"line":58,"column":4},"end":{"line":58,"column":24}},"25":{"start":{"line":60,"column":4},"end":{"line":63,"column":5}},"26":{"start":{"line":61,"column":6},"end":{"line":61,"column":59}},"27":{"start":{"line":62,"column":6},"end":{"line":62,"column":44}},"28":{"start":{"line":66,"column":2},"end":{"line":72,"column":3}},"29":{"start":{"line":67,"column":4},"end":{"line":71,"column":6}},"30":{"start":{"line":74,"column":2},"end":{"line":94,"column":3}},"31":{"start":{"line":75,"column":4},"end":{"line":93,"column":6}},"32":{"start":{"line":96,"column":2},"end":{"line":149,"column":4}}},"fnMap":{"0":{"name":"CaptchaMatematico","decl":{"start":{"line":19,"column":9},"end":{"line":19,"column":26}},"loc":{"start":{"line":19,"column":48},"end":{"line":150,"column":1}},"line":19},"1":{"name":"(anonymous_1)","decl":{"start":{"line":25,"column":12},"end":{"line":25,"column":13}},"loc":{"start":{"line":25,"column":18},"end":{"line":27,"column":3}},"line":25},"2":{"name":"(anonymous_2)","decl":{"start":{"line":29,"column":24},"end":{"line":29,"column":25}},"loc":{"start":{"line":29,"column":36},"end":{"line":54,"column":3}},"line":29},"3":{"name":"(anonymous_3)","decl":{"start":{"line":56,"column":33},"end":{"line":56,"column":34}},"loc":{"start":{"line":56,"column":40},"end":{"line":64,"column":3}},"line":56}},"branchMap":{"0":{"loc":{"start":{"line":40,"column":6},"end":{"line":47,"column":7}},"type":"if","locations":[{"start":{"line":40,"column":6},"end":{"line":47,"column":7}},{"start":{"line":45,"column":13},"end":{"line":47,"column":7}}],"line":40},"1":{"loc":{"start":{"line":60,"column":4},"end":{"line":63,"column":5}},"type":"if","locations":[{"start":{"line":60,"column":4},"end":{"line":63,"column":5}},{"start":{},"end":{}}],"line":60},"2":{"loc":{"start":{"line":60,"column":8},"end":{"line":60,"column":32}},"type":"binary-expr","locations":[{"start":{"line":60,"column":8},"end":{"line":60,"column":15}},{"start":{"line":60,"column":19},"end":{"line":60,"column":32}}],"line":60},"3":{"loc":{"start":{"line":66,"column":2},"end":{"line":72,"column":3}},"type":"if","locations":[{"start":{"line":66,"column":2},"end":{"line":72,"column":3}},{"start":{},"end":{}}],"line":66},"4":{"loc":{"start":{"line":74,"column":2},"end":{"line":94,"column":3}},"type":"if","locations":[{"start":{"line":74,"column":2},"end":{"line":94,"column":3}},{"start":{},"end":{}}],"line":74}},"s":{"0":0,"1":0,"2":0,"3":0,"4":0,"5":0,"6":0,"7":0,"8":0,"9":0,"10":0,"11":0,"12":0,"13":0,"14":0,"15":0,"16":0,"17":0,"18":0,"19":0,"20":0,"21":0,"22":0,"23":0,"24":0,"25":0,"26":0,"27":0,"28":0,"29":0,"30":0,"31":0,"32":0},"f":{"0":0,"1":0,"2":0,"3":0},"b":{"0":[0,0],"1":[0,0],"2":[0,0],"3":[0,0],"4":[0,0]}}
,"/Users/steevenvargas/Downloads/PruebaTecnicaKushki_SV_CON_CAPTCHA/frontend/src/componentes/Autenticacion/Login.js": {"path":"/Users/steevenvargas/Downloads/PruebaTecnicaKushki_SV_CON_CAPTCHA/frontend/src/componentes/Autenticacion/Login.js","statementMap":{"0":{"start":{"line":26,"column":44},"end":{"line":26,"column":56}},"1":{"start":{"line":27,"column":38},"end":{"line":27,"column":50}},"2":{"start":{"line":28,"column":28},"end":{"line":28,"column":40}},"3":{"start":{"line":29,"column":34},"end":{"line":29,"column":49}},"4":{"start":{"line":30,"column":62},"end":{"line":30,"column":77}},"5":{"start":{"line":31,"column":52},"end":{"line":31,"column":67}},"6":{"start":{"line":32,"column":19},"end":{"line":32,"column":32}},"7":{"start":{"line":34,"column":24},"end":{"line":67,"column":3}},"8":{"start":{"line":35,"column":4},"end":{"line":35,"column":23}},"9":{"start":{"line":36,"column":4},"end":{"line":36,"column":17}},"10":{"start":{"line":37,"column":4},"end":{"line":37,"column":22}},"11":{"start":{"line":39,"column":4},"end":{"line":66,"column":5}},"12":{"start":{"line":40,"column":24},"end":{"line":40,"column":70}},"13":{"start":{"line":42,"column":6},"end":{"line":61,"column":7}},"14":{"start":{"line":43,"column":8},"end":{"line":43,"column":61}},"15":{"start":{"line":46,"column":26},"end":{"line":46,"column":52}},"16":{"start":{"line":47,"column":27},"end":{"line":47,"column":80}},"17":{"start":{"line":49,"column":8},"end":{"line":58,"column":9}},"18":{"start":{"line":51,"column":10},"end":{"line":51,"column":72}},"19":{"start":{"line":53,"column":10},"end":{"line":53,"column":42}},"20":{"start":{"line":56,"column":10},"end":{"line":56,"column":28}},"21":{"start":{"line":57,"column":10},"end":{"line":57,"column":34}},"22":{"start":{"line":60,"column":8},"end":{"line":60,"column":36}},"23":{"start":{"line":63,"column":6},"end":{"line":63,"column":74}},"24":{"start":{"line":65,"column":6},"end":{"line":65,"column":25}},"25":{"start":{"line":69,"column":32},"end":{"line":73,"column":3}},"26":{"start":{"line":70,"column":4},"end":{"line":70,"column":37}},"27":{"start":{"line":71,"column":4},"end":{"line":71,"column":22}},"28":{"start":{"line":72,"column":4},"end":{"line":72,"column":28}},"29":{"start":{"line":75,"column":2},"end":{"line":191,"column":4}},"30":{"start":{"line":86,"column":10},"end":{"line":86,"column":51}},"31":{"start":{"line":116,"column":31},"end":{"line":116,"column":63}},"32":{"start":{"line":131,"column":31},"end":{"line":131,"column":60}},"33":{"start":{"line":139,"column":37},"end":{"line":139,"column":77}},"34":{"start":{"line":140,"column":42},"end":{"line":140,"column":60}}},"fnMap":{"0":{"name":"Login","decl":{"start":{"line":25,"column":9},"end":{"line":25,"column":14}},"loc":{"start":{"line":25,"column":36},"end":{"line":192,"column":1}},"line":25},"1":{"name":"(anonymous_1)","decl":{"start":{"line":34,"column":24},"end":{"line":34,"column":25}},"loc":{"start":{"line":34,"column":37},"end":{"line":67,"column":3}},"line":34},"2":{"name":"(anonymous_2)","decl":{"start":{"line":69,"column":32},"end":{"line":69,"column":33}},"loc":{"start":{"line":69,"column":38},"end":{"line":73,"column":3}},"line":69},"3":{"name":"(anonymous_3)","decl":{"start":{"line":85,"column":28},"end":{"line":85,"column":29}},"loc":{"start":{"line":86,"column":10},"end":{"line":86,"column":51}},"line":86},"4":{"name":"(anonymous_4)","decl":{"start":{"line":116,"column":24},"end":{"line":116,"column":25}},"loc":{"start":{"line":116,"column":31},"end":{"line":116,"column":63}},"line":116},"5":{"name":"(anonymous_5)","decl":{"start":{"line":131,"column":24},"end":{"line":131,"column":25}},"loc":{"start":{"line":131,"column":31},"end":{"line":131,"column":60}},"line":131},"6":{"name":"(anonymous_6)","decl":{"start":{"line":139,"column":31},"end":{"line":139,"column":32}},"loc":{"start":{"line":139,"column":37},"end":{"line":139,"column":77}},"line":139},"7":{"name":"(anonymous_7)","decl":{"start":{"line":140,"column":35},"end":{"line":140,"column":36}},"loc":{"start":{"line":140,"column":42},"end":{"line":140,"column":60}},"line":140}},"branchMap":{"0":{"loc":{"start":{"line":42,"column":6},"end":{"line":61,"column":7}},"type":"if","locations":[{"start":{"line":42,"column":6},"end":{"line":61,"column":7}},{"start":{"line":59,"column":13},"end":{"line":61,"column":7}}],"line":42},"1":{"loc":{"start":{"line":49,"column":8},"end":{"line":58,"column":9}},"type":"if","locations":[{"start":{"line":49,"column":8},"end":{"line":58,"column":9}},{"start":{"line":54,"column":15},"end":{"line":58,"column":9}}],"line":49},"2":{"loc":{"start":{"line":105,"column":11},"end":{"line":109,"column":11}},"type":"binary-expr","locations":[{"start":{"line":105,"column":11},"end":{"line":105,"column":16}},{"start":{"line":106,"column":12},"end":{"line":108,"column":20}}],"line":105},"3":{"loc":{"start":{"line":129,"column":20},"end":{"line":129,"column":59}},"type":"cond-expr","locations":[{"start":{"line":129,"column":40},"end":{"line":129,"column":46}},{"start":{"line":129,"column":49},"end":{"line":129,"column":59}}],"line":129},"4":{"loc":{"start":{"line":149,"column":23},"end":{"line":149,"column":77}},"type":"cond-expr","locations":[{"start":{"line":149,"column":43},"end":{"line":149,"column":60}},{"start":{"line":149,"column":63},"end":{"line":149,"column":77}}],"line":149},"5":{"loc":{"start":{"line":178,"column":15},"end":{"line":178,"column":59}},"type":"cond-expr","locations":[{"start":{"line":178,"column":26},"end":{"line":178,"column":40}},{"start":{"line":178,"column":43},"end":{"line":178,"column":59}}],"line":178}},"s":{"0":0,"1":0,"2":0,"3":0,"4":0,"5":0,"6":0,"7":0,"8":0,"9":0,"10":0,"11":0,"12":0,"13":0,"14":0,"15":0,"16":0,"17":0,"18":0,"19":0,"20":0,"21":0,"22":0,"23":0,"24":0,"25":0,"26":0,"27":0,"28":0,"29":0,"30":0,"31":0,"32":0,"33":0,"34":0},"f":{"0":0,"1":0,"2":0,"3":0,"4":0,"5":0,"6":0,"7":0},"b":{"0":[0,0],"1":[0,0],"2":[0,0],"3":[0,0],"4":[0,0],"5":[0,0]}}
,"/Users/steevenvargas/Downloads/PruebaTecnicaKushki_SV_CON_CAPTCHA/frontend/src/componentes/Autenticacion/Registro.js": {"path":"/Users/steevenvargas/Downloads/PruebaTecnicaKushki_SV_CON_CAPTCHA/frontend/src/componentes/Autenticacion/Registro.js","statementMap":{"0":{"start":{"line":26,"column":44},"end":{"line":26,"column":56}},"1":{"start":{"line":27,"column":38},"end":{"line":27,"column":50}},"2":{"start":{"line":28,"column":56},"end":{"line":28,"column":68}},"3":{"start":{"line":29,"column":42},"end":{"line":29,"column":54}},"4":{"start":{"line":30,"column":50},"end":{"line":30,"column":62}},"5":{"start":{"line":31,"column":28},"end":{"line":31,"column":40}},"6":{"start":{"line":32,"column":28},"end":{"line":32,"column":43}},"7":{"start":{"line":33,"column":34},"end":{"line":33,"column":49}},"8":{"start":{"line":34,"column":52},"end":{"line":34,"column":67}},"9":{"start":{"line":35,"column":70},"end":{"line":35,"column":85}},"10":{"start":{"line":36,"column":19},"end":{"line":36,"column":32}},"11":{"start":{"line":38,"column":25},"end":{"line":45,"column":3}},"12":{"start":{"line":39,"column":4},"end":{"line":39,"column":27}},"13":{"start":{"line":40,"column":4},"end":{"line":40,"column":35}},"14":{"start":{"line":42,"column":4},"end":{"line":44,"column":5}},"15":{"start":{"line":43,"column":6},"end":{"line":43,"column":19}},"16":{"start":{"line":47,"column":24},"end":{"line":106,"column":3}},"17":{"start":{"line":48,"column":4},"end":{"line":48,"column":23}},"18":{"start":{"line":49,"column":4},"end":{"line":49,"column":17}},"19":{"start":{"line":51,"column":4},"end":{"line":54,"column":5}},"20":{"start":{"line":52,"column":6},"end":{"line":52,"column":47}},"21":{"start":{"line":53,"column":6},"end":{"line":53,"column":13}},"22":{"start":{"line":56,"column":4},"end":{"line":59,"column":5}},"23":{"start":{"line":57,"column":6},"end":{"line":57,"column":48}},"24":{"start":{"line":58,"column":6},"end":{"line":58,"column":13}},"25":{"start":{"line":61,"column":4},"end":{"line":64,"column":5}},"26":{"start":{"line":62,"column":6},"end":{"line":62,"column":93}},"27":{"start":{"line":63,"column":6},"end":{"line":63,"column":13}},"28":{"start":{"line":66,"column":4},"end":{"line":66,"column":22}},"29":{"start":{"line":68,"column":4},"end":{"line":105,"column":5}},"30":{"start":{"line":69,"column":6},"end":{"line":72,"column":9}},"31":{"start":{"line":74,"column":24},"end":{"line":79,"column":7}},"32":{"start":{"line":81,"column":6},"end":{"line":81,"column":56}},"33":{"start":{"line":83,"column":6},"end":{"line":99,"column":7}},"34":{"start":{"line":84,"column":8},"end":{"line":84,"column":23}},"35":{"start":{"line":85,"column":8},"end":{"line":85,"column":51}},"36":{"start":{"line":85,"column":25},"end":{"line":85,"column":43}},"37":{"start":{"line":89,"column":10},"end":{"line":91,"column":62}},"38":{"start":{"line":93,"column":8},"end":{"line":98,"column":9}},"39":{"start":{"line":94,"column":10},"end":{"line":94,"column":113}},"40":{"start":{"line":97,"column":10},"end":{"line":97,"column":38}},"41":{"start":{"line":101,"column":6},"end":{"line":101,"column":47}},"42":{"start":{"line":102,"column":6},"end":{"line":102,"column":45}},"43":{"start":{"line":104,"column":6},"end":{"line":104,"column":25}},"44":{"start":{"line":108,"column":2},"end":{"line":255,"column":4}},"45":{"start":{"line":113,"column":10},"end":{"line":113,"column":51}},"46":{"start":{"line":140,"column":31},"end":{"line":140,"column":63}},"47":{"start":{"line":155,"column":31},"end":{"line":155,"column":60}},"48":{"start":{"line":164,"column":37},"end":{"line":164,"column":77}},"49":{"start":{"line":165,"column":42},"end":{"line":165,"column":60}},"50":{"start":{"line":191,"column":31},"end":{"line":191,"column":69}},"51":{"start":{"line":199,"column":37},"end":{"line":199,"column":95}},"52":{"start":{"line":200,"column":42},"end":{"line":200,"column":60}}},"fnMap":{"0":{"name":"Registro","decl":{"start":{"line":25,"column":9},"end":{"line":25,"column":17}},"loc":{"start":{"line":25,"column":20},"end":{"line":256,"column":1}},"line":25},"1":{"name":"(anonymous_1)","decl":{"start":{"line":38,"column":25},"end":{"line":38,"column":26}},"loc":{"start":{"line":38,"column":47},"end":{"line":45,"column":3}},"line":38},"2":{"name":"(anonymous_2)","decl":{"start":{"line":47,"column":24},"end":{"line":47,"column":25}},"loc":{"start":{"line":47,"column":37},"end":{"line":106,"column":3}},"line":47},"3":{"name":"(anonymous_3)","decl":{"start":{"line":85,"column":19},"end":{"line":85,"column":20}},"loc":{"start":{"line":85,"column":25},"end":{"line":85,"column":43}},"line":85},"4":{"name":"(anonymous_4)","decl":{"start":{"line":112,"column":28},"end":{"line":112,"column":29}},"loc":{"start":{"line":113,"column":10},"end":{"line":113,"column":51}},"line":113},"5":{"name":"(anonymous_5)","decl":{"start":{"line":140,"column":24},"end":{"line":140,"column":25}},"loc":{"start":{"line":140,"column":31},"end":{"line":140,"column":63}},"line":140},"6":{"name":"(anonymous_6)","decl":{"start":{"line":155,"column":24},"end":{"line":155,"column":25}},"loc":{"start":{"line":155,"column":31},"end":{"line":155,"column":60}},"line":155},"7":{"name":"(anonymous_7)","decl":{"start":{"line":164,"column":31},"end":{"line":164,"column":32}},"loc":{"start":{"line":164,"column":37},"end":{"line":164,"column":77}},"line":164},"8":{"name":"(anonymous_8)","decl":{"start":{"line":165,"column":35},"end":{"line":165,"column":36}},"loc":{"start":{"line":165,"column":42},"end":{"line":165,"column":60}},"line":165},"9":{"name":"(anonymous_9)","decl":{"start":{"line":191,"column":24},"end":{"line":191,"column":25}},"loc":{"start":{"line":191,"column":31},"end":{"line":191,"column":69}},"line":191},"10":{"name":"(anonymous_10)","decl":{"start":{"line":199,"column":31},"end":{"line":199,"column":32}},"loc":{"start":{"line":199,"column":37},"end":{"line":199,"column":95}},"line":199},"11":{"name":"(anonymous_11)","decl":{"start":{"line":200,"column":35},"end":{"line":200,"column":36}},"loc":{"start":{"line":200,"column":42},"end":{"line":200,"column":60}},"line":200}},"branchMap":{"0":{"loc":{"start":{"line":42,"column":4},"end":{"line":44,"column":5}},"type":"if","locations":[{"start":{"line":42,"column":4},"end":{"line":44,"column":5}},{"start":{},"end":{}}],"line":42},"1":{"loc":{"start":{"line":51,"column":4},"end":{"line":54,"column":5}},"type":"if","locations":[{"start":{"line":51,"column":4},"end":{"line":54,"column":5}},{"start":{},"end":{}}],"line":51},"2":{"loc":{"start":{"line":56,"column":4},"end":{"line":59,"column":5}},"type":"if","locations":[{"start":{"line":56,"column":4},"end":{"line":59,"column":5}},{"start":{},"end":{}}],"line":56},"3":{"loc":{"start":{"line":56,"column":8},"end":{"line":56,"column":59}},"type":"binary-expr","locations":[{"start":{"line":56,"column":8},"end":{"line":56,"column":25}},{"start":{"line":56,"column":29},"end":{"line":56,"column":59}}],"line":56},"4":{"loc":{"start":{"line":61,"column":4},"end":{"line":64,"column":5}},"type":"if","locations":[{"start":{"line":61,"column":4},"end":{"line":64,"column":5}},{"start":{},"end":{}}],"line":61},"5":{"loc":{"start":{"line":83,"column":6},"end":{"line":99,"column":7}},"type":"if","locations":[{"start":{"line":83,"column":6},"end":{"line":99,"column":7}},{"start":{"line":86,"column":13},"end":{"line":99,"column":7}}],"line":83},"6":{"loc":{"start":{"line":89,"column":10},"end":{"line":91,"column":62}},"type":"binary-expr","locations":[{"start":{"line":89,"column":10},"end":{"line":89,"column":62}},{"start":{"line":90,"column":10},"end":{"line":90,"column":73}},{"start":{"line":91,"column":10},"end":{"line":91,"column":62}}],"line":89},"7":{"loc":{"start":{"line":93,"column":8},"end":{"line":98,"column":9}},"type":"if","locations":[{"start":{"line":93,"column":8},"end":{"line":98,"column":9}},{"start":{"line":95,"column":15},"end":{"line":98,"column":9}}],"line":93},"8":{"loc":{"start":{"line":132,"column":11},"end":{"line":132,"column":74}},"type":"binary-expr","locations":[{"start":{"line":132,"column":11},"end":{"line":132,"column":16}},{"start":{"line":132,"column":20},"end":{"line":132,"column":74}}],"line":132},"9":{"loc":{"start":{"line":133,"column":11},"end":{"line":133,"column":103}},"type":"binary-expr","locations":[{"start":{"line":133,"column":11},"end":{"line":133,"column":16}},{"start":{"line":133,"column":20},"end":{"line":133,"column":103}}],"line":133},"10":{"loc":{"start":{"line":153,"column":20},"end":{"line":153,"column":59}},"type":"cond-expr","locations":[{"start":{"line":153,"column":40},"end":{"line":153,"column":46}},{"start":{"line":153,"column":49},"end":{"line":153,"column":59}}],"line":153},"11":{"loc":{"start":{"line":174,"column":23},"end":{"line":174,"column":77}},"type":"cond-expr","locations":[{"start":{"line":174,"column":43},"end":{"line":174,"column":60}},{"start":{"line":174,"column":63},"end":{"line":174,"column":77}}],"line":174},"12":{"loc":{"start":{"line":189,"column":20},"end":{"line":189,"column":68}},"type":"cond-expr","locations":[{"start":{"line":189,"column":49},"end":{"line":189,"column":55}},{"start":{"line":189,"column":58},"end":{"line":189,"column":68}}],"line":189},"13":{"loc":{"start":{"line":209,"column":23},"end":{"line":209,"column":86}},"type":"cond-expr","locations":[{"start":{"line":209,"column":52},"end":{"line":209,"column":69}},{"start":{"line":209,"column":72},"end":{"line":209,"column":86}}],"line":209},"14":{"loc":{"start":{"line":230,"column":24},"end":{"line":230,"column":53}},"type":"binary-expr","locations":[{"start":{"line":230,"column":24},"end":{"line":230,"column":32}},{"start":{"line":230,"column":36},"end":{"line":230,"column":53}}],"line":230},"15":{"loc":{"start":{"line":242,"column":15},"end":{"line":242,"column":58}},"type":"cond-expr","locations":[{"start":{"line":242,"column":26},"end":{"line":242,"column":42}},{"start":{"line":242,"column":45},"end":{"line":242,"column":58}}],"line":242}},"s":{"0":0,"1":0,"2":0,"3":0,"4":0,"5":0,"6":0,"7":0,"8":0,"9":0,"10":0,"11":0,"12":0,"13":0,"14":0,"15":0,"16":0,"17":0,"18":0,"19":0,"20":0,"21":0,"22":0,"23":0,"24":0,"25":0,"26":0,"27":0,"28":0,"29":0,"30":0,"31":0,"32":0,"33":0,"34":0,"35":0,"36":0,"37":0,"38":0,"39":0,"40":0,"41":0,"42":0,"43":0,"44":0,"45":0,"46":0,"47":0,"48":0,"49":0,"50":0,"51":0,"52":0},"f":{"0":0,"1":0,"2":0,"3":0,"4":0,"5":0,"6":0,"7":0,"8":0,"9":0,"10":0,"11":0},"b":{"0":[0,0],"1":[0,0],"2":[0,0],"3":[0,0],"4":[0,0],"5":[0,0],"6":[0,0,0],"7":[0,0],"8":[0,0],"9":[0,0],"10":[0,0],"11":[0,0],"12":[0,0],"13":[0,0],"14":[0,0],"15":[0,0]}}
,"/Users/steevenvargas/Downloads/PruebaTecnicaKushki_SV_CON_CAPTCHA/frontend/src/componentes/Comunes/ModalBienvenida.js": {"path":"/Users/steevenvargas/Downloads/PruebaTecnicaKushki_SV_CON_CAPTCHA/frontend/src/componentes/Comunes/ModalBienvenida.js","statementMap":{"0":{"start":{"line":21,"column":2},"end":{"line":119,"column":4}}},"fnMap":{"0":{"name":"ModalBienvenida","decl":{"start":{"line":20,"column":9},"end":{"line":20,"column":24}},"loc":{"start":{"line":20,"column":48},"end":{"line":120,"column":1}},"line":20}},"branchMap":{},"s":{"0":0},"f":{"0":0},"b":{}}
,"/Users/steevenvargas/Downloads/PruebaTecnicaKushki_SV_CON_CAPTCHA/frontend/src/componentes/Comunes/Navbar.js": {"path":"/Users/steevenvargas/Downloads/PruebaTecnicaKushki_SV_CON_CAPTCHA/frontend/src/componentes/Comunes/Navbar.js","statementMap":{"0":{"start":{"line":19,"column":19},"end":{"line":19,"column":32}},"1":{"start":{"line":21,"column":30},"end":{"line":24,"column":3}},"2":{"start":{"line":22,"column":4},"end":{"line":22,"column":21}},"3":{"start":{"line":23,"column":4},"end":{"line":23,"column":23}},"4":{"start":{"line":26,"column":2},"end":{"line":86,"column":4}},"5":{"start":{"line":42,"column":27},"end":{"line":42,"column":50}},"6":{"start":{"line":57,"column":27},"end":{"line":57,"column":49}}},"fnMap":{"0":{"name":"Navbar","decl":{"start":{"line":18,"column":9},"end":{"line":18,"column":15}},"loc":{"start":{"line":18,"column":36},"end":{"line":87,"column":1}},"line":18},"1":{"name":"(anonymous_1)","decl":{"start":{"line":21,"column":30},"end":{"line":21,"column":31}},"loc":{"start":{"line":21,"column":36},"end":{"line":24,"column":3}},"line":21},"2":{"name":"(anonymous_2)","decl":{"start":{"line":42,"column":21},"end":{"line":42,"column":22}},"loc":{"start":{"line":42,"column":27},"end":{"line":42,"column":50}},"line":42},"3":{"name":"(anonymous_3)","decl":{"start":{"line":57,"column":21},"end":{"line":57,"column":22}},"loc":{"start":{"line":57,"column":27},"end":{"line":57,"column":49}},"line":57}},"branchMap":{},"s":{"0":0,"1":0,"2":0,"3":0,"4":0,"5":0,"6":0},"f":{"0":0,"1":0,"2":0,"3":0},"b":{}}
,"/Users/steevenvargas/Downloads/PruebaTecnicaKushki_SV_CON_CAPTCHA/frontend/src/componentes/Historial/Historial.js": {"path":"/Users/steevenvargas/Downloads/PruebaTecnicaKushki_SV_CON_CAPTCHA/frontend/src/componentes/Historial/Historial.js","statementMap":{"0":{"start":{"line":29,"column":36},"end":{"line":29,"column":48}},"1":{"start":{"line":30,"column":34},"end":{"line":30,"column":48}},"2":{"start":{"line":31,"column":46},"end":{"line":31,"column":61}},"3":{"start":{"line":32,"column":58},"end":{"line":32,"column":72}},"4":{"start":{"line":33,"column":36},"end":{"line":33,"column":48}},"5":{"start":{"line":35,"column":2},"end":{"line":37,"column":9}},"6":{"start":{"line":36,"column":4},"end":{"line":36,"column":22}},"7":{"start":{"line":39,"column":26},"end":{"line":57,"column":3}},"8":{"start":{"line":40,"column":4},"end":{"line":56,"column":5}},"9":{"start":{"line":41,"column":20},"end":{"line":41,"column":49}},"10":{"start":{"line":42,"column":23},"end":{"line":46,"column":8}},"11":{"start":{"line":48,"column":19},"end":{"line":48,"column":40}},"12":{"start":{"line":49,"column":6},"end":{"line":51,"column":7}},"13":{"start":{"line":50,"column":8},"end":{"line":50,"column":42}},"14":{"start":{"line":53,"column":6},"end":{"line":53,"column":57}},"15":{"start":{"line":55,"column":6},"end":{"line":55,"column":25}},"16":{"start":{"line":59,"column":24},"end":{"line":94,"column":3}},"17":{"start":{"line":60,"column":4},"end":{"line":93,"column":5}},"18":{"start":{"line":61,"column":20},"end":{"line":61,"column":49}},"19":{"start":{"line":64,"column":31},"end":{"line":69,"column":7}},"20":{"start":{"line":70,"column":27},"end":{"line":70,"column":56}},"21":{"start":{"line":72,"column":6},"end":{"line":90,"column":7}},"22":{"start":{"line":73,"column":8},"end":{"line":73,"column":52}},"23":{"start":{"line":76,"column":31},"end":{"line":81,"column":9}},"24":{"start":{"line":83,"column":8},"end":{"line":87,"column":9}},"25":{"start":{"line":84,"column":23},"end":{"line":84,"column":50}},"26":{"start":{"line":85,"column":22},"end":{"line":85,"column":47}},"27":{"start":{"line":86,"column":10},"end":{"line":86,"column":28}},"28":{"start":{"line":89,"column":8},"end":{"line":89,"column":32}},"29":{"start":{"line":92,"column":6},"end":{"line":92,"column":56}},"30":{"start":{"line":96,"column":24},"end":{"line":103,"column":3}},"31":{"start":{"line":97,"column":4},"end":{"line":97,"column":29}},"32":{"start":{"line":98,"column":4},"end":{"line":101,"column":5}},"33":{"start":{"line":99,"column":6},"end":{"line":99,"column":37}},"34":{"start":{"line":100,"column":6},"end":{"line":100,"column":23}},"35":{"start":{"line":102,"column":4},"end":{"line":102,"column":34}},"36":{"start":{"line":105,"column":2},"end":{"line":111,"column":3}},"37":{"start":{"line":106,"column":4},"end":{"line":110,"column":6}},"38":{"start":{"line":113,"column":2},"end":{"line":317,"column":4}},"39":{"start":{"line":134,"column":14},"end":{"line":166,"column":21}},"40":{"start":{"line":153,"column":37},"end":{"line":153,"column":60}},"41":{"start":{"line":248,"column":18},"end":{"line":270,"column":24}},"42":{"start":{"line":274,"column":18},"end":{"line":294,"column":24}}},"fnMap":{"0":{"name":"Historial","decl":{"start":{"line":28,"column":9},"end":{"line":28,"column":18}},"loc":{"start":{"line":28,"column":21},"end":{"line":318,"column":1}},"line":28},"1":{"name":"(anonymous_1)","decl":{"start":{"line":35,"column":12},"end":{"line":35,"column":13}},"loc":{"start":{"line":35,"column":18},"end":{"line":37,"column":3}},"line":35},"2":{"name":"(anonymous_2)","decl":{"start":{"line":39,"column":26},"end":{"line":39,"column":27}},"loc":{"start":{"line":39,"column":38},"end":{"line":57,"column":3}},"line":39},"3":{"name":"(anonymous_3)","decl":{"start":{"line":59,"column":24},"end":{"line":59,"column":25}},"loc":{"start":{"line":59,"column":44},"end":{"line":94,"column":3}},"line":59},"4":{"name":"(anonymous_4)","decl":{"start":{"line":96,"column":24},"end":{"line":96,"column":25}},"loc":{"start":{"line":96,"column":30},"end":{"line":103,"column":3}},"line":96},"5":{"name":"(anonymous_5)","decl":{"start":{"line":133,"column":27},"end":{"line":133,"column":28}},"loc":{"start":{"line":134,"column":14},"end":{"line":166,"column":21}},"line":134},"6":{"name":"(anonymous_6)","decl":{"start":{"line":153,"column":31},"end":{"line":153,"column":32}},"loc":{"start":{"line":153,"column":37},"end":{"line":153,"column":60}},"line":153},"7":{"name":"(anonymous_7)","decl":{"start":{"line":247,"column":62},"end":{"line":247,"column":63}},"loc":{"start":{"line":248,"column":18},"end":{"line":270,"column":24}},"line":248},"8":{"name":"(anonymous_8)","decl":{"start":{"line":273,"column":51},"end":{"line":273,"column":52}},"loc":{"start":{"line":274,"column":18},"end":{"line":294,"column":24}},"line":274}},"branchMap":{"0":{"loc":{"start":{"line":49,"column":6},"end":{"line":51,"column":7}},"type":"if","locations":[{"start":{"line":49,"column":6},"end":{"line":51,"column":7}},{"start":{},"end":{}}],"line":49},"1":{"loc":{"start":{"line":72,"column":6},"end":{"line":90,"column":7}},"type":"if","locations":[{"start":{"line":72,"column":6},"end":{"line":90,"column":7}},{"start":{},"end":{}}],"line":72},"2":{"loc":{"start":{"line":83,"column":8},"end":{"line":87,"column":9}},"type":"if","locations":[{"start":{"line":83,"column":8},"end":{"line":87,"column":9}},{"start":{},"end":{}}],"line":83},"3":{"loc":{"start":{"line":98,"column":4},"end":{"line":101,"column":5}},"type":"if","locations":[{"start":{"line":98,"column":4},"end":{"line":101,"column":5}},{"start":{},"end":{}}],"line":98},"4":{"loc":{"start":{"line":105,"column":2},"end":{"line":111,"column":3}},"type":"if","locations":[{"start":{"line":105,"column":2},"end":{"line":111,"column":3}},{"start":{},"end":{}}],"line":105},"5":{"loc":{"start":{"line":129,"column":9},"end":{"line":169,"column":9}},"type":"cond-expr","locations":[{"start":{"line":130,"column":10},"end":{"line":130,"column":58}},{"start":{"line":132,"column":10},"end":{"line":168,"column":17}}],"line":129},"6":{"loc":{"start":{"line":141,"column":29},"end":{"line":141,"column":92}},"type":"cond-expr","locations":[{"start":{"line":141,"column":66},"end":{"line":141,"column":81}},{"start":{"line":141,"column":84},"end":{"line":141,"column":92}}],"line":141},"7":{"loc":{"start":{"line":199,"column":11},"end":{"line":298,"column":11}},"type":"binary-expr","locations":[{"start":{"line":199,"column":11},"end":{"line":199,"column":31}},{"start":{"line":200,"column":12},"end":{"line":297,"column":18}}],"line":199},"8":{"loc":{"start":{"line":202,"column":15},"end":{"line":215,"column":15}},"type":"binary-expr","locations":[{"start":{"line":202,"column":15},"end":{"line":202,"column":24}},{"start":{"line":203,"column":16},"end":{"line":214,"column":22}}],"line":202},"9":{"loc":{"start":{"line":223,"column":25},"end":{"line":223,"column":106}},"type":"cond-expr","locations":[{"start":{"line":223,"column":74},"end":{"line":223,"column":95}},{"start":{"line":223,"column":98},"end":{"line":223,"column":106}}],"line":223},"10":{"loc":{"start":{"line":233,"column":15},"end":{"line":239,"column":15}},"type":"binary-expr","locations":[{"start":{"line":233,"column":15},"end":{"line":233,"column":50}},{"start":{"line":234,"column":16},"end":{"line":238,"column":24}}],"line":233},"11":{"loc":{"start":{"line":246,"column":15},"end":{"line":296,"column":15}},"type":"cond-expr","locations":[{"start":{"line":247,"column":16},"end":{"line":271,"column":18}},{"start":{"line":273,"column":16},"end":{"line":295,"column":18}}],"line":246},"12":{"loc":{"start":{"line":246,"column":15},"end":{"line":246,"column":112}},"type":"binary-expr","locations":[{"start":{"line":246,"column":15},"end":{"line":246,"column":56}},{"start":{"line":246,"column":60},"end":{"line":246,"column":112}}],"line":246},"13":{"loc":{"start":{"line":266,"column":43},"end":{"line":266,"column":130}},"type":"cond-expr","locations":[{"start":{"line":266,"column":70},"end":{"line":266,"column":79}},{"start":{"line":266,"column":82},"end":{"line":266,"column":130}}],"line":266},"14":{"loc":{"start":{"line":266,"column":82},"end":{"line":266,"column":130}},"type":"cond-expr","locations":[{"start":{"line":266,"column":109},"end":{"line":266,"column":118}},{"start":{"line":266,"column":121},"end":{"line":266,"column":130}}],"line":266},"15":{"loc":{"start":{"line":290,"column":43},"end":{"line":290,"column":146}},"type":"cond-expr","locations":[{"start":{"line":290,"column":78},"end":{"line":290,"column":87}},{"start":{"line":290,"column":90},"end":{"line":290,"column":146}}],"line":290},"16":{"loc":{"start":{"line":290,"column":90},"end":{"line":290,"column":146}},"type":"cond-expr","locations":[{"start":{"line":290,"column":125},"end":{"line":290,"column":134}},{"start":{"line":290,"column":137},"end":{"line":290,"column":146}}],"line":290}},"s":{"0":0,"1":0,"2":0,"3":0,"4":0,"5":0,"6":0,"7":0,"8":0,"9":0,"10":0,"11":0,"12":0,"13":0,"14":0,"15":0,"16":0,"17":0,"18":0,"19":0,"20":0,"21":0,"22":0,"23":0,"24":0,"25":0,"26":0,"27":0,"28":0,"29":0,"30":0,"31":0,"32":0,"33":0,"34":0,"35":0,"36":0,"37":0,"38":0,"39":0,"40":0,"41":0,"42":0},"f":{"0":0,"1":0,"2":0,"3":0,"4":0,"5":0,"6":0,"7":0,"8":0},"b":{"0":[0,0],"1":[0,0],"2":[0,0],"3":[0,0],"4":[0,0],"5":[0,0],"6":[0,0],"7":[0,0],"8":[0,0],"9":[0,0],"10":[0,0],"11":[0,0],"12":[0,0],"13":[0,0],"14":[0,0],"15":[0,0],"16":[0,0]}}
,"/Users/steevenvargas/Downloads/PruebaTecnicaKushki_SV_CON_CAPTCHA/frontend/src/servicios/api.js": {"path":"/Users/steevenvargas/Downloads/PruebaTecnicaKushki_SV_CON_CAPTCHA/frontend/src/servicios/api.js","statementMap":{"0":{"start":{"line":9,"column":16},"end":{"line":9,"column":73}},"1":{"start":{"line":11,"column":12},"end":{"line":16,"column":2}},"2":{"start":{"line":19,"column":0},"end":{"line":28,"column":2}},"3":{"start":{"line":21,"column":18},"end":{"line":21,"column":47}},"4":{"start":{"line":22,"column":4},"end":{"line":24,"column":5}},"5":{"start":{"line":23,"column":6},"end":{"line":23,"column":55}},"6":{"start":{"line":25,"column":4},"end":{"line":25,"column":18}},"7":{"start":{"line":27,"column":13},"end":{"line":27,"column":34}}},"fnMap":{"0":{"name":"(anonymous_0)","decl":{"start":{"line":20,"column":2},"end":{"line":20,"column":3}},"loc":{"start":{"line":20,"column":14},"end":{"line":26,"column":3}},"line":20},"1":{"name":"(anonymous_1)","decl":{"start":{"line":27,"column":2},"end":{"line":27,"column":3}},"loc":{"start":{"line":27,"column":13},"end":{"line":27,"column":34}},"line":27}},"branchMap":{"0":{"loc":{"start":{"line":9,"column":16},"end":{"line":9,"column":73}},"type":"binary-expr","locations":[{"start":{"line":9,"column":16},"end":{"line":9,"column":45}},{"start":{"line":9,"column":49},"end":{"line":9,"column":73}}],"line":9},"1":{"loc":{"start":{"line":22,"column":4},"end":{"line":24,"column":5}},"type":"if","locations":[{"start":{"line":22,"column":4},"end":{"line":24,"column":5}},{"start":{},"end":{}}],"line":22}},"s":{"0":0,"1":0,"2":0,"3":0,"4":0,"5":0,"6":0,"7":0},"f":{"0":0,"1":0},"b":{"0":[0,0],"1":[0,0]}}
,"/Users/steevenvargas/Downloads/PruebaTecnicaKushki_SV_CON_CAPTCHA/frontend/src/servicios/servicioAuth.js": {"path":"/Users/steevenvargas/Downloads/PruebaTecnicaKushki_SV_CON_CAPTCHA/frontend/src/servicios/servicioAuth.js","statementMap":{"0":{"start":{"line":9,"column":32},"end":{"line":21,"column":1}},"1":{"start":{"line":10,"column":2},"end":{"line":20,"column":3}},"2":{"start":{"line":11,"column":22},"end":{"line":16,"column":6}},"3":{"start":{"line":17,"column":4},"end":{"line":17,"column":26}},"4":{"start":{"line":19,"column":4},"end":{"line":19,"column":82}},"5":{"start":{"line":23,"column":29},"end":{"line":33,"column":1}},"6":{"start":{"line":24,"column":2},"end":{"line":32,"column":3}},"7":{"start":{"line":25,"column":22},"end":{"line":28,"column":6}},"8":{"start":{"line":29,"column":4},"end":{"line":29,"column":26}},"9":{"start":{"line":31,"column":4},"end":{"line":31,"column":82}},"10":{"start":{"line":35,"column":30},"end":{"line":42,"column":1}},"11":{"start":{"line":36,"column":2},"end":{"line":41,"column":3}},"12":{"start":{"line":37,"column":22},"end":{"line":37,"column":58}},"13":{"start":{"line":38,"column":4},"end":{"line":38,"column":32}},"14":{"start":{"line":40,"column":4},"end":{"line":40,"column":17}}},"fnMap":{"0":{"name":"(anonymous_0)","decl":{"start":{"line":9,"column":32},"end":{"line":9,"column":33}},"loc":{"start":{"line":9,"column":101},"end":{"line":21,"column":1}},"line":9},"1":{"name":"(anonymous_1)","decl":{"start":{"line":23,"column":29},"end":{"line":23,"column":30}},"loc":{"start":{"line":23,"column":66},"end":{"line":33,"column":1}},"line":23},"2":{"name":"(anonymous_2)","decl":{"start":{"line":35,"column":30},"end":{"line":35,"column":31}},"loc":{"start":{"line":35,"column":42},"end":{"line":42,"column":1}},"line":35}},"branchMap":{"0":{"loc":{"start":{"line":19,"column":11},"end":{"line":19,"column":81}},"type":"binary-expr","locations":[{"start":{"line":19,"column":11},"end":{"line":19,"column":31}},{"start":{"line":19,"column":35},"end":{"line":19,"column":81}}],"line":19},"1":{"loc":{"start":{"line":31,"column":11},"end":{"line":31,"column":81}},"type":"binary-expr","locations":[{"start":{"line":31,"column":11},"end":{"line":31,"column":31}},{"start":{"line":31,"column":35},"end":{"line":31,"column":81}}],"line":31}},"s":{"0":0,"1":0,"2":0,"3":0,"4":0,"5":0,"6":0,"7":0,"8":0,"9":0,"10":0,"11":0,"12":0,"13":0,"14":0},"f":{"0":0,"1":0,"2":0},"b":{"0":[0,0],"1":[0,0]}}
}
